<?xml version="1.0" encoding="UTF-8"?>
<testng-results ignored="0" total="10" passed="10" failed="0" skipped="0">
  <reporter-output>
  </reporter-output>
  <suite started-at="2021-11-22T14:14:12 IST" name="Suite" finished-at="2021-11-22T14:18:23 IST" duration-ms="251041">
    <groups>
    </groups>
    <test started-at="2021-11-22T14:14:12 IST" name="Test" finished-at="2021-11-22T14:18:23 IST" duration-ms="251041">
      <class name="com.mindtree.testObject.WhatsNewTest">
        <test-method is-config="true" signature="start()[pri:0, instance:com.mindtree.testObject.WhatsNewTest@52de51b6]" started-at="2021-11-22T14:17:31 IST" name="start" finished-at="2021-11-22T14:17:43 IST" duration-ms="12042" status="PASS">
          <reporter-output>
          </reporter-output>
        </test-method> <!-- start -->
        <test-method signature="Wbutton()[pri:0, instance:com.mindtree.testObject.WhatsNewTest@52de51b6]" started-at="2021-11-22T14:17:43 IST" name="Wbutton" finished-at="2021-11-22T14:17:57 IST" duration-ms="14379" status="PASS">
          <reporter-output>
          </reporter-output>
        </test-method> <!-- Wbutton -->
        <test-method is-config="true" signature="end()[pri:0, instance:com.mindtree.testObject.WhatsNewTest@52de51b6]" started-at="2021-11-22T14:17:58 IST" name="end" finished-at="2021-11-22T14:18:02 IST" duration-ms="4184" status="PASS">
          <reporter-output>
          </reporter-output>
        </test-method> <!-- end -->
      </class> <!-- com.mindtree.testObject.WhatsNewTest -->
      <class name="com.mindtree.testObject.ContactUsTest">
        <test-method is-config="true" signature="start()[pri:0, instance:com.mindtree.testObject.ContactUsTest@2f05be7f]" started-at="2021-11-22T14:15:41 IST" name="start" finished-at="2021-11-22T14:15:54 IST" duration-ms="13456" status="PASS">
          <reporter-output>
          </reporter-output>
        </test-method> <!-- start -->
        <test-method signature="contacttest()[pri:0, instance:com.mindtree.testObject.ContactUsTest@2f05be7f]" started-at="2021-11-22T14:15:54 IST" name="contacttest" finished-at="2021-11-22T14:16:00 IST" duration-ms="6236" status="PASS">
          <reporter-output>
          </reporter-output>
        </test-method> <!-- contacttest -->
        <test-method is-config="true" signature="close()[pri:0, instance:com.mindtree.testObject.ContactUsTest@2f05be7f]" started-at="2021-11-22T14:16:01 IST" name="close" finished-at="2021-11-22T14:16:01 IST" duration-ms="220" status="PASS">
          <reporter-output>
          </reporter-output>
        </test-method> <!-- close -->
      </class> <!-- com.mindtree.testObject.ContactUsTest -->
      <class name="com.mindtree.testObject.CreateAccountTest">
        <test-method is-config="true" signature="start()[pri:0, instance:com.mindtree.testObject.CreateAccountTest@18c5069b]" started-at="2021-11-22T14:18:02 IST" name="start" finished-at="2021-11-22T14:18:16 IST" duration-ms="14480" status="PASS">
          <reporter-output>
          </reporter-output>
        </test-method> <!-- start -->
        <test-method signature="accounttest(java.lang.String,java.lang.String,java.lang.String,java.lang.String)[pri:0, instance:com.mindtree.testObject.CreateAccountTest@18c5069b]" started-at="2021-11-22T14:18:16 IST" name="accounttest" data-provider="inputdata" finished-at="2021-11-22T14:18:22 IST" duration-ms="6196" status="PASS">
          <params>
            <param index="0">
              <value>
                <![CDATA[vishnu]]>
              </value>
            </param>
            <param index="1">
              <value>
                <![CDATA[vardhan]]>
              </value>
            </param>
            <param index="2">
              <value>
                <![CDATA[vishnu@gmail.com]]>
              </value>
            </param>
            <param index="3">
              <value>
                <![CDATA[1234567892]]>
              </value>
            </param>
          </params>
          <reporter-output>
          </reporter-output>
        </test-method> <!-- accounttest -->
        <test-method is-config="true" signature="close()[pri:0, instance:com.mindtree.testObject.CreateAccountTest@18c5069b]" started-at="2021-11-22T14:18:23 IST" name="close" finished-at="2021-11-22T14:18:23 IST" duration-ms="419" status="PASS">
          <reporter-output>
          </reporter-output>
        </test-method> <!-- close -->
      </class> <!-- com.mindtree.testObject.CreateAccountTest -->
      <class name="com.mindtree.testObject.GiftsTest">
        <test-method is-config="true" signature="start()[pri:0, instance:com.mindtree.testObject.GiftsTest@640f11a1]" started-at="2021-11-22T14:16:01 IST" name="start" finished-at="2021-11-22T14:16:10 IST" duration-ms="9560" status="PASS">
          <reporter-output>
          </reporter-output>
        </test-method> <!-- start -->
        <test-method signature="giftproduct()[pri:0, instance:com.mindtree.testObject.GiftsTest@640f11a1]" started-at="2021-11-22T14:16:10 IST" name="giftproduct" finished-at="2021-11-22T14:16:23 IST" duration-ms="12100" status="PASS">
          <reporter-output>
          </reporter-output>
        </test-method> <!-- giftproduct -->
        <test-method is-config="true" signature="close()[pri:0, instance:com.mindtree.testObject.GiftsTest@640f11a1]" started-at="2021-11-22T14:16:23 IST" name="close" finished-at="2021-11-22T14:16:27 IST" duration-ms="4344" status="PASS">
          <reporter-output>
          </reporter-output>
        </test-method> <!-- close -->
      </class> <!-- com.mindtree.testObject.GiftsTest -->
      <class name="com.mindtree.testObject.AllOfItTest">
        <test-method is-config="true" signature="start()[pri:0, instance:com.mindtree.testObject.AllOfItTest@5f7b97da]" started-at="2021-11-22T14:14:12 IST" name="start" finished-at="2021-11-22T14:14:34 IST" duration-ms="21843" status="PASS">
          <reporter-output>
          </reporter-output>
        </test-method> <!-- start -->
        <test-method signature="alloftest()[pri:0, instance:com.mindtree.testObject.AllOfItTest@5f7b97da]" started-at="2021-11-22T14:14:34 IST" name="alloftest" finished-at="2021-11-22T14:14:44 IST" duration-ms="10120" status="PASS">
          <reporter-output>
          </reporter-output>
        </test-method> <!-- alloftest -->
        <test-method is-config="true" signature="close()[pri:0, instance:com.mindtree.testObject.AllOfItTest@5f7b97da]" started-at="2021-11-22T14:14:49 IST" name="close" finished-at="2021-11-22T14:14:51 IST" duration-ms="1670" status="PASS">
          <reporter-output>
          </reporter-output>
        </test-method> <!-- close -->
      </class> <!-- com.mindtree.testObject.AllOfItTest -->
      <class name="com.mindtree.testObject.GiftIdeasTest">
        <test-method is-config="true" signature="start()[pri:0, instance:com.mindtree.testObject.GiftIdeasTest@68fa0ba8]" started-at="2021-11-22T14:14:51 IST" name="start" finished-at="2021-11-22T14:15:11 IST" duration-ms="19805" status="PASS">
          <reporter-output>
          </reporter-output>
        </test-method> <!-- start -->
        <test-method signature="giftideatest()[pri:0, instance:com.mindtree.testObject.GiftIdeasTest@68fa0ba8]" started-at="2021-11-22T14:15:11 IST" name="giftideatest" finished-at="2021-11-22T14:15:18 IST" duration-ms="6942" status="PASS">
          <reporter-output>
          </reporter-output>
        </test-method> <!-- giftideatest -->
        <test-method is-config="true" signature="close()[pri:0, instance:com.mindtree.testObject.GiftIdeasTest@68fa0ba8]" started-at="2021-11-22T14:15:20 IST" name="close" finished-at="2021-11-22T14:15:20 IST" duration-ms="265" status="PASS">
          <reporter-output>
          </reporter-output>
        </test-method> <!-- close -->
      </class> <!-- com.mindtree.testObject.GiftIdeasTest -->
      <class name="com.mindtree.testObject.SignInTest">
        <test-method is-config="true" signature="beforeTest()[pri:0, instance:com.mindtree.testObject.SignInTest@5c10f1c3]" started-at="2021-11-22T14:16:27 IST" name="beforeTest" finished-at="2021-11-22T14:16:38 IST" duration-ms="10608" status="PASS">
          <reporter-output>
          </reporter-output>
        </test-method> <!-- beforeTest -->
        <test-method signature="signin()[pri:0, instance:com.mindtree.testObject.SignInTest@5c10f1c3]" started-at="2021-11-22T14:16:38 IST" name="signin" finished-at="2021-11-22T14:16:46 IST" duration-ms="7904" status="PASS">
          <reporter-output>
          </reporter-output>
        </test-method> <!-- signin -->
        <test-method is-config="true" signature="afterTest()[pri:0, instance:com.mindtree.testObject.SignInTest@5c10f1c3]" started-at="2021-11-22T14:16:46 IST" name="afterTest" finished-at="2021-11-22T14:16:46 IST" duration-ms="267" status="PASS">
          <reporter-output>
          </reporter-output>
        </test-method> <!-- afterTest -->
      </class> <!-- com.mindtree.testObject.SignInTest -->
      <class name="com.mindtree.testObject.SearchTest">
        <test-method is-config="true" signature="initial()[pri:0, instance:com.mindtree.testObject.SearchTest@7ac2e39b]" started-at="2021-11-22T14:16:46 IST" name="initial" finished-at="2021-11-22T14:16:54 IST" duration-ms="7210" status="PASS">
          <reporter-output>
          </reporter-output>
        </test-method> <!-- initial -->
        <test-method signature="searchtest()[pri:0, instance:com.mindtree.testObject.SearchTest@7ac2e39b]" started-at="2021-11-22T14:16:54 IST" name="searchtest" finished-at="2021-11-22T14:17:03 IST" duration-ms="9800" status="PASS">
          <reporter-output>
          </reporter-output>
        </test-method> <!-- searchtest -->
        <test-method is-config="true" signature="close()[pri:0, instance:com.mindtree.testObject.SearchTest@7ac2e39b]" started-at="2021-11-22T14:17:04 IST" name="close" finished-at="2021-11-22T14:17:08 IST" duration-ms="4255" status="PASS">
          <reporter-output>
          </reporter-output>
        </test-method> <!-- close -->
      </class> <!-- com.mindtree.testObject.SearchTest -->
      <class name="com.mindtree.testObject.CorporateTest">
        <test-method is-config="true" signature="initial()[pri:0, instance:com.mindtree.testObject.CorporateTest@6c5945a7]" started-at="2021-11-22T14:15:20 IST" name="initial" finished-at="2021-11-22T14:15:32 IST" duration-ms="12502" status="PASS">
          <reporter-output>
          </reporter-output>
        </test-method> <!-- initial -->
        <test-method signature="corporategifts()[pri:0, instance:com.mindtree.testObject.CorporateTest@6c5945a7]" started-at="2021-11-22T14:15:32 IST" name="corporategifts" finished-at="2021-11-22T14:15:40 IST" duration-ms="7970" status="PASS">
          <reporter-output>
          </reporter-output>
        </test-method> <!-- corporategifts -->
        <test-method is-config="true" signature="close()[pri:0, instance:com.mindtree.testObject.CorporateTest@6c5945a7]" started-at="2021-11-22T14:15:41 IST" name="close" finished-at="2021-11-22T14:15:41 IST" duration-ms="172" status="PASS">
          <reporter-output>
          </reporter-output>
        </test-method> <!-- close -->
      </class> <!-- com.mindtree.testObject.CorporateTest -->
      <class name="com.mindtree.testObject.QuantityTest">
        <test-method is-config="true" signature="start()[pri:0, instance:com.mindtree.testObject.QuantityTest@3f6db3fb]" started-at="2021-11-22T14:17:08 IST" name="start" finished-at="2021-11-22T14:17:17 IST" duration-ms="9387" status="PASS">
          <reporter-output>
          </reporter-output>
        </test-method> <!-- start -->
        <test-method signature="quantitytest()[pri:0, instance:com.mindtree.testObject.QuantityTest@3f6db3fb]" started-at="2021-11-22T14:17:17 IST" name="quantitytest" finished-at="2021-11-22T14:17:26 IST" duration-ms="8773" status="PASS">
          <reporter-output>
          </reporter-output>
        </test-method> <!-- quantitytest -->
        <test-method is-config="true" signature="close()[pri:0, instance:com.mindtree.testObject.QuantityTest@3f6db3fb]" started-at="2021-11-22T14:17:27 IST" name="close" finished-at="2021-11-22T14:17:31 IST" duration-ms="4217" status="PASS">
          <reporter-output>
          </reporter-output>
        </test-method> <!-- close -->
      </class> <!-- com.mindtree.testObject.QuantityTest -->
    </test> <!-- Test -->
  </suite> <!-- Suite -->
</testng-results>
