<?xml version="1.0" encoding="UTF-8"?>
<!-- Generated by org.testng.reporters.JUnitXMLReporter -->
<testsuite ignored="0" hostname="LAPTOP-2GHFTTS4" failures="0" tests="10" name="Test" time="251.041" errors="0" timestamp="2021-11-22T14:18:24 IST">
  <testcase classname="com.mindtree.testObject.AllOfItTest" name="alloftest" time="10.12"/>
  <testcase classname="com.mindtree.testObject.GiftIdeasTest" name="giftideatest" time="6.942"/>
  <testcase classname="com.mindtree.testObject.CorporateTest" name="corporategifts" time="7.97"/>
  <testcase classname="com.mindtree.testObject.ContactUsTest" name="contacttest" time="6.236"/>
  <testcase classname="com.mindtree.testObject.GiftsTest" name="giftproduct" time="12.1"/>
  <testcase classname="com.mindtree.testObject.SignInTest" name="signin" time="7.904"/>
  <testcase classname="com.mindtree.testObject.SearchTest" name="searchtest" time="9.8"/>
  <testcase classname="com.mindtree.testObject.QuantityTest" name="quantitytest" time="8.773"/>
  <testcase classname="com.mindtree.testObject.WhatsNewTest" name="Wbutton" time="14.379"/>
  <testcase classname="com.mindtree.testObject.CreateAccountTest" name="accounttest" time="6.196"/>
</testsuite> <!-- Test -->
